2018-07-10 20:45:09.358 [restartedMain] INFO  thymeleaf.SpringBootThymeleafApplication(StartupInfoLogger.java:48) - Starting SpringBootThymeleafApplication on zwwang-PC with PID 7120 (F:\eclipseworkspace\spring-boot-thymeleaf\target\classes started by zwwang in F:\eclipseworkspace\spring-boot-thymeleaf)
2018-07-10 20:45:09.367 [restartedMain] INFO  thymeleaf.SpringBootThymeleafApplication(SpringApplication.java:597) - The following profiles are active: dev
2018-07-10 20:45:10.102 [background-preinit] INFO  util.Version(Version.java:30) - HV000001: Hibernate Validator 5.3.6.Final
2018-07-10 20:45:10.192 [restartedMain] INFO  embedded.AnnotationConfigEmbeddedWebApplicationContext(AbstractApplicationContext.java:583) - Refreshing org.springframework.boot.context.embedded.AnnotationConfigEmbeddedWebApplicationContext@1d6737e6: startup date [Tue Jul 10 20:45:10 CST 2018]; root of context hierarchy
2018-07-10 20:45:14.446 [restartedMain] INFO  tomcat.TomcatEmbeddedServletContainer(TomcatEmbeddedServletContainer.java:89) - Tomcat initialized with port(s): 8001 (http)
2018-07-10 20:45:14.463 [restartedMain] INFO  core.StandardService(DirectJDKLog.java:179) - Starting service [Tomcat]
2018-07-10 20:45:14.465 [restartedMain] INFO  core.StandardEngine(DirectJDKLog.java:179) - Starting Servlet Engine: Apache Tomcat/8.5.23
2018-07-10 20:45:14.637 [localhost-startStop-1] INFO  [localhost].[/boot-thymeleaf](DirectJDKLog.java:179) - Initializing Spring embedded WebApplicationContext
2018-07-10 20:45:14.637 [localhost-startStop-1] INFO  context.ContextLoader(EmbeddedWebApplicationContext.java:276) - Root WebApplicationContext: initialization completed in 4450 ms
2018-07-10 20:45:15.030 [localhost-startStop-1] INFO  servlet.ServletRegistrationBean(ServletRegistrationBean.java:190) - Mapping servlet: 'dispatcherServlet' to [/]
2018-07-10 20:45:15.034 [localhost-startStop-1] INFO  servlet.FilterRegistrationBean(AbstractFilterRegistrationBean.java:258) - Mapping filter: 'metricsFilter' to: [/*]
2018-07-10 20:45:15.035 [localhost-startStop-1] INFO  servlet.FilterRegistrationBean(AbstractFilterRegistrationBean.java:258) - Mapping filter: 'characterEncodingFilter' to: [/*]
2018-07-10 20:45:15.035 [localhost-startStop-1] INFO  servlet.FilterRegistrationBean(AbstractFilterRegistrationBean.java:258) - Mapping filter: 'hiddenHttpMethodFilter' to: [/*]
2018-07-10 20:45:15.036 [localhost-startStop-1] INFO  servlet.FilterRegistrationBean(AbstractFilterRegistrationBean.java:258) - Mapping filter: 'httpPutFormContentFilter' to: [/*]
2018-07-10 20:45:15.036 [localhost-startStop-1] INFO  servlet.FilterRegistrationBean(AbstractFilterRegistrationBean.java:258) - Mapping filter: 'requestContextFilter' to: [/*]
2018-07-10 20:45:15.036 [localhost-startStop-1] INFO  servlet.FilterRegistrationBean(AbstractFilterRegistrationBean.java:258) - Mapping filter: 'webRequestLoggingFilter' to: [/*]
2018-07-10 20:45:15.036 [localhost-startStop-1] INFO  servlet.FilterRegistrationBean(AbstractFilterRegistrationBean.java:258) - Mapping filter: 'applicationContextIdFilter' to: [/*]
2018-07-10 20:45:15.308 [restartedMain] INFO  config.DruidDataSourceConfiguration(DruidDataSourceConfiguration.java:36) - DataSource Configruing...
2018-07-10 20:45:15.310 [restartedMain] INFO  config.DruidDataSourceConfiguration(DruidDataSourceConfiguration.java:37) - druidPropertiesConfiguration :DruidPropertiesConfiguration [url=jdbc:mysql://192.168.72.1/mavenpractice?characterEncoding=UTF-8&useUnicode=true&useSSL=true, driverClassName=com.mysql.jdbc.Driver, username=mavenpractice, password=mavenpractice, maxActive=100, initialSize=1, minIdle=1, testOnBorrow=false, filters=stat,wall,slf4j]
2018-07-10 20:45:15.694 [restartedMain] INFO  pool.DruidDataSource(DruidDataSource.java:667) - {dataSource-1} inited
2018-07-10 20:45:16.972 [restartedMain] INFO  concurrent.ThreadPoolTaskExecutor(ExecutorConfigurationSupport.java:165) - Initializing ExecutorService  'webTaskExecutor'
2018-07-10 20:45:17.855 [restartedMain] INFO  annotation.RequestMappingHandlerAdapter(RequestMappingHandlerAdapter.java:534) - Looking for @ControllerAdvice: org.springframework.boot.context.embedded.AnnotationConfigEmbeddedWebApplicationContext@1d6737e6: startup date [Tue Jul 10 20:45:10 CST 2018]; root of context hierarchy
2018-07-10 20:45:18.077 [restartedMain] INFO  annotation.RequestMappingHandlerMapping(AbstractHandlerMethodMapping.java:543) - Mapped "{[/index/index]}" onto public java.lang.String com.vivebest.spring.boot.thymeleaf.controller.IndexController.index()
2018-07-10 20:45:18.080 [restartedMain] INFO  annotation.RequestMappingHandlerMapping(AbstractHandlerMethodMapping.java:543) - Mapped "{[/index/list]}" onto public java.lang.String com.vivebest.spring.boot.thymeleaf.controller.IndexController.list(org.springframework.ui.Model)
2018-07-10 20:45:18.081 [restartedMain] INFO  annotation.RequestMappingHandlerMapping(AbstractHandlerMethodMapping.java:543) - Mapped "{[/index/detail]}" onto public java.lang.String com.vivebest.spring.boot.thymeleaf.controller.IndexController.detail(org.springframework.ui.Model,java.lang.String)
2018-07-10 20:45:18.082 [restartedMain] INFO  annotation.RequestMappingHandlerMapping(AbstractHandlerMethodMapping.java:543) - Mapped "{[/index/userList_style]}" onto public java.lang.String com.vivebest.spring.boot.thymeleaf.controller.IndexController.userList_style(org.springframework.ui.Model)
2018-07-10 20:45:18.085 [restartedMain] INFO  annotation.RequestMappingHandlerMapping(AbstractHandlerMethodMapping.java:543) - Mapped "{[/user/find]}" onto public java.util.List<com.vivebest.spring.boot.thymeleaf.entity.User> com.vivebest.spring.boot.thymeleaf.controller.UserController.find()
2018-07-10 20:45:18.086 [restartedMain] INFO  annotation.RequestMappingHandlerMapping(AbstractHandlerMethodMapping.java:543) - Mapped "{[/user/findOne]}" onto public com.vivebest.spring.boot.thymeleaf.entity.User com.vivebest.spring.boot.thymeleaf.controller.UserController.findOne(java.lang.String)
2018-07-10 20:45:18.091 [restartedMain] INFO  annotation.RequestMappingHandlerMapping(AbstractHandlerMethodMapping.java:543) - Mapped "{[/error]}" onto public org.springframework.http.ResponseEntity<java.util.Map<java.lang.String, java.lang.Object>> org.springframework.boot.autoconfigure.web.BasicErrorController.error(javax.servlet.http.HttpServletRequest)
2018-07-10 20:45:18.092 [restartedMain] INFO  annotation.RequestMappingHandlerMapping(AbstractHandlerMethodMapping.java:543) - Mapped "{[/error],produces=[text/html]}" onto public org.springframework.web.servlet.ModelAndView org.springframework.boot.autoconfigure.web.BasicErrorController.errorHtml(javax.servlet.http.HttpServletRequest,javax.servlet.http.HttpServletResponse)
2018-07-10 20:45:18.175 [restartedMain] INFO  handler.SimpleUrlHandlerMapping(AbstractUrlHandlerMapping.java:362) - Mapped URL path [/webjars/**] onto handler of type [class org.springframework.web.servlet.resource.ResourceHttpRequestHandler]
2018-07-10 20:45:18.176 [restartedMain] INFO  handler.SimpleUrlHandlerMapping(AbstractUrlHandlerMapping.java:362) - Mapped URL path [/**] onto handler of type [class org.springframework.web.servlet.resource.ResourceHttpRequestHandler]
2018-07-10 20:45:18.274 [restartedMain] INFO  handler.SimpleUrlHandlerMapping(AbstractUrlHandlerMapping.java:362) - Mapped URL path [/**/favicon.ico] onto handler of type [class org.springframework.web.servlet.resource.ResourceHttpRequestHandler]
2018-07-10 20:45:19.614 [restartedMain] INFO  mvc.EndpointHandlerMapping(AbstractHandlerMethodMapping.java:543) - Mapped "{[/info || /info.json],methods=[GET],produces=[application/vnd.spring-boot.actuator.v1+json || application/json]}" onto public java.lang.Object org.springframework.boot.actuate.endpoint.mvc.EndpointMvcAdapter.invoke()
2018-07-10 20:45:19.616 [restartedMain] INFO  mvc.EndpointHandlerMapping(AbstractHandlerMethodMapping.java:543) - Mapped "{[/dump || /dump.json],methods=[GET],produces=[application/vnd.spring-boot.actuator.v1+json || application/json]}" onto public java.lang.Object org.springframework.boot.actuate.endpoint.mvc.EndpointMvcAdapter.invoke()
2018-07-10 20:45:19.618 [restartedMain] INFO  mvc.EndpointHandlerMapping(AbstractHandlerMethodMapping.java:543) - Mapped "{[/trace || /trace.json],methods=[GET],produces=[application/vnd.spring-boot.actuator.v1+json || application/json]}" onto public java.lang.Object org.springframework.boot.actuate.endpoint.mvc.EndpointMvcAdapter.invoke()
2018-07-10 20:45:19.624 [restartedMain] INFO  mvc.EndpointHandlerMapping(AbstractHandlerMethodMapping.java:543) - Mapped "{[/env/{name:.*}],methods=[GET],produces=[application/vnd.spring-boot.actuator.v1+json || application/json]}" onto public java.lang.Object org.springframework.boot.actuate.endpoint.mvc.EnvironmentMvcEndpoint.value(java.lang.String)
2018-07-10 20:45:19.625 [restartedMain] INFO  mvc.EndpointHandlerMapping(AbstractHandlerMethodMapping.java:543) - Mapped "{[/env || /env.json],methods=[GET],produces=[application/vnd.spring-boot.actuator.v1+json || application/json]}" onto public java.lang.Object org.springframework.boot.actuate.endpoint.mvc.EndpointMvcAdapter.invoke()
2018-07-10 20:45:19.626 [restartedMain] INFO  mvc.EndpointHandlerMapping(AbstractHandlerMethodMapping.java:543) - Mapped "{[/autoconfig || /autoconfig.json],methods=[GET],produces=[application/vnd.spring-boot.actuator.v1+json || application/json]}" onto public java.lang.Object org.springframework.boot.actuate.endpoint.mvc.EndpointMvcAdapter.invoke()
2018-07-10 20:45:19.628 [restartedMain] INFO  mvc.EndpointHandlerMapping(AbstractHandlerMethodMapping.java:543) - Mapped "{[/heapdump || /heapdump.json],methods=[GET],produces=[application/octet-stream]}" onto public void org.springframework.boot.actuate.endpoint.mvc.HeapdumpMvcEndpoint.invoke(boolean,javax.servlet.http.HttpServletRequest,javax.servlet.http.HttpServletResponse) throws java.io.IOException,javax.servlet.ServletException
2018-07-10 20:45:19.629 [restartedMain] INFO  mvc.EndpointHandlerMapping(AbstractHandlerMethodMapping.java:543) - Mapped "{[/health || /health.json],methods=[GET],produces=[application/vnd.spring-boot.actuator.v1+json || application/json]}" onto public java.lang.Object org.springframework.boot.actuate.endpoint.mvc.HealthMvcEndpoint.invoke(javax.servlet.http.HttpServletRequest,java.security.Principal)
2018-07-10 20:45:19.631 [restartedMain] INFO  mvc.EndpointHandlerMapping(AbstractHandlerMethodMapping.java:543) - Mapped "{[/metrics/{name:.*}],methods=[GET],produces=[application/vnd.spring-boot.actuator.v1+json || application/json]}" onto public java.lang.Object org.springframework.boot.actuate.endpoint.mvc.MetricsMvcEndpoint.value(java.lang.String)
2018-07-10 20:45:19.632 [restartedMain] INFO  mvc.EndpointHandlerMapping(AbstractHandlerMethodMapping.java:543) - Mapped "{[/metrics || /metrics.json],methods=[GET],produces=[application/vnd.spring-boot.actuator.v1+json || application/json]}" onto public java.lang.Object org.springframework.boot.actuate.endpoint.mvc.EndpointMvcAdapter.invoke()
2018-07-10 20:45:19.633 [restartedMain] INFO  mvc.EndpointHandlerMapping(AbstractHandlerMethodMapping.java:543) - Mapped "{[/beans || /beans.json],methods=[GET],produces=[application/vnd.spring-boot.actuator.v1+json || application/json]}" onto public java.lang.Object org.springframework.boot.actuate.endpoint.mvc.EndpointMvcAdapter.invoke()
2018-07-10 20:45:19.635 [restartedMain] INFO  mvc.EndpointHandlerMapping(AbstractHandlerMethodMapping.java:543) - Mapped "{[/mappings || /mappings.json],methods=[GET],produces=[application/vnd.spring-boot.actuator.v1+json || application/json]}" onto public java.lang.Object org.springframework.boot.actuate.endpoint.mvc.EndpointMvcAdapter.invoke()
2018-07-10 20:45:19.636 [restartedMain] INFO  mvc.EndpointHandlerMapping(AbstractHandlerMethodMapping.java:543) - Mapped "{[/configprops || /configprops.json],methods=[GET],produces=[application/vnd.spring-boot.actuator.v1+json || application/json]}" onto public java.lang.Object org.springframework.boot.actuate.endpoint.mvc.EndpointMvcAdapter.invoke()
2018-07-10 20:45:19.640 [restartedMain] INFO  mvc.EndpointHandlerMapping(AbstractHandlerMethodMapping.java:543) - Mapped "{[/loggers/{name:.*}],methods=[GET],produces=[application/vnd.spring-boot.actuator.v1+json || application/json]}" onto public java.lang.Object org.springframework.boot.actuate.endpoint.mvc.LoggersMvcEndpoint.get(java.lang.String)
2018-07-10 20:45:19.641 [restartedMain] INFO  mvc.EndpointHandlerMapping(AbstractHandlerMethodMapping.java:543) - Mapped "{[/loggers/{name:.*}],methods=[POST],consumes=[application/vnd.spring-boot.actuator.v1+json || application/json],produces=[application/vnd.spring-boot.actuator.v1+json || application/json]}" onto public java.lang.Object org.springframework.boot.actuate.endpoint.mvc.LoggersMvcEndpoint.set(java.lang.String,java.util.Map<java.lang.String, java.lang.String>)
2018-07-10 20:45:19.641 [restartedMain] INFO  mvc.EndpointHandlerMapping(AbstractHandlerMethodMapping.java:543) - Mapped "{[/loggers || /loggers.json],methods=[GET],produces=[application/vnd.spring-boot.actuator.v1+json || application/json]}" onto public java.lang.Object org.springframework.boot.actuate.endpoint.mvc.EndpointMvcAdapter.invoke()
2018-07-10 20:45:19.643 [restartedMain] INFO  mvc.EndpointHandlerMapping(AbstractHandlerMethodMapping.java:543) - Mapped "{[/auditevents || /auditevents.json],methods=[GET],produces=[application/vnd.spring-boot.actuator.v1+json || application/json]}" onto public org.springframework.http.ResponseEntity<?> org.springframework.boot.actuate.endpoint.mvc.AuditEventsMvcEndpoint.findByPrincipalAndAfterAndType(java.lang.String,java.util.Date,java.lang.String)
2018-07-10 20:45:19.970 [restartedMain] INFO  autoconfigure.OptionalLiveReloadServer(OptionalLiveReloadServer.java:58) - LiveReload server is running on port 35729
2018-07-10 20:45:20.129 [restartedMain] INFO  annotation.AnnotationMBeanExporter(MBeanExporter.java:431) - Registering beans for JMX exposure on startup
2018-07-10 20:45:20.131 [restartedMain] INFO  annotation.AnnotationMBeanExporter(MBeanExporter.java:916) - Bean with name 'dataSource' has been autodetected for JMX exposure
2018-07-10 20:45:20.149 [restartedMain] INFO  annotation.AnnotationMBeanExporter(MBeanExporter.java:671) - Located MBean 'dataSource': registering with JMX server as MBean [com.alibaba.druid.pool:name=dataSource,type=DruidDataSource]
2018-07-10 20:45:20.149 [restartedMain] INFO  jmx.EndpointMBeanExporter(MBeanExporter.java:431) - Registering beans for JMX exposure on startup
2018-07-10 20:45:20.161 [restartedMain] INFO  support.DefaultLifecycleProcessor(DefaultLifecycleProcessor.java:343) - Starting beans in phase 0
2018-07-10 20:45:20.163 [restartedMain] INFO  jmx.EndpointMBeanExporter(MBeanExporter.java:678) - Located managed bean 'auditEventsEndpoint': registering with JMX server as MBean [org.springframework.boot:type=Endpoint,name=auditEventsEndpoint]
2018-07-10 20:45:20.189 [restartedMain] INFO  jmx.EndpointMBeanExporter(MBeanExporter.java:678) - Located managed bean 'requestMappingEndpoint': registering with JMX server as MBean [org.springframework.boot:type=Endpoint,name=requestMappingEndpoint]
2018-07-10 20:45:20.208 [restartedMain] INFO  jmx.EndpointMBeanExporter(MBeanExporter.java:678) - Located managed bean 'environmentEndpoint': registering with JMX server as MBean [org.springframework.boot:type=Endpoint,name=environmentEndpoint]
2018-07-10 20:45:20.215 [restartedMain] INFO  jmx.EndpointMBeanExporter(MBeanExporter.java:678) - Located managed bean 'healthEndpoint': registering with JMX server as MBean [org.springframework.boot:type=Endpoint,name=healthEndpoint]
2018-07-10 20:45:20.236 [restartedMain] INFO  jmx.EndpointMBeanExporter(MBeanExporter.java:678) - Located managed bean 'beansEndpoint': registering with JMX server as MBean [org.springframework.boot:type=Endpoint,name=beansEndpoint]
2018-07-10 20:45:20.242 [restartedMain] INFO  jmx.EndpointMBeanExporter(MBeanExporter.java:678) - Located managed bean 'infoEndpoint': registering with JMX server as MBean [org.springframework.boot:type=Endpoint,name=infoEndpoint]
2018-07-10 20:45:20.246 [restartedMain] INFO  jmx.EndpointMBeanExporter(MBeanExporter.java:678) - Located managed bean 'loggersEndpoint': registering with JMX server as MBean [org.springframework.boot:type=Endpoint,name=loggersEndpoint]
2018-07-10 20:45:20.255 [restartedMain] INFO  jmx.EndpointMBeanExporter(MBeanExporter.java:678) - Located managed bean 'metricsEndpoint': registering with JMX server as MBean [org.springframework.boot:type=Endpoint,name=metricsEndpoint]
2018-07-10 20:45:20.265 [restartedMain] INFO  jmx.EndpointMBeanExporter(MBeanExporter.java:678) - Located managed bean 'traceEndpoint': registering with JMX server as MBean [org.springframework.boot:type=Endpoint,name=traceEndpoint]
2018-07-10 20:45:20.270 [restartedMain] INFO  jmx.EndpointMBeanExporter(MBeanExporter.java:678) - Located managed bean 'dumpEndpoint': registering with JMX server as MBean [org.springframework.boot:type=Endpoint,name=dumpEndpoint]
2018-07-10 20:45:20.274 [restartedMain] INFO  jmx.EndpointMBeanExporter(MBeanExporter.java:678) - Located managed bean 'autoConfigurationReportEndpoint': registering with JMX server as MBean [org.springframework.boot:type=Endpoint,name=autoConfigurationReportEndpoint]
2018-07-10 20:45:20.281 [restartedMain] INFO  jmx.EndpointMBeanExporter(MBeanExporter.java:678) - Located managed bean 'configurationPropertiesReportEndpoint': registering with JMX server as MBean [org.springframework.boot:type=Endpoint,name=configurationPropertiesReportEndpoint]
2018-07-10 20:45:20.315 [restartedMain] INFO  http11.Http11NioProtocol(DirectJDKLog.java:179) - Initializing ProtocolHandler ["http-nio-127.0.0.1-8001"]
2018-07-10 20:45:20.336 [restartedMain] INFO  http11.Http11NioProtocol(DirectJDKLog.java:179) - Starting ProtocolHandler ["http-nio-127.0.0.1-8001"]
2018-07-10 20:45:20.364 [restartedMain] INFO  net.NioSelectorPool(DirectJDKLog.java:179) - Using a shared selector for servlet write/read
2018-07-10 20:45:20.395 [restartedMain] INFO  tomcat.TomcatEmbeddedServletContainer(TomcatEmbeddedServletContainer.java:201) - Tomcat started on port(s): 8001 (http)
2018-07-10 20:45:20.403 [restartedMain] INFO  thymeleaf.SpringBootThymeleafApplication(StartupInfoLogger.java:57) - Started SpringBootThymeleafApplication in 12.284 seconds (JVM running for 14.24)
2018-07-10 20:45:37.769 [http-nio-127.0.0.1-8001-exec-1] INFO  [localhost].[/boot-thymeleaf](DirectJDKLog.java:179) - Initializing Spring FrameworkServlet 'dispatcherServlet'
2018-07-10 20:45:37.769 [http-nio-127.0.0.1-8001-exec-1] INFO  servlet.DispatcherServlet(FrameworkServlet.java:489) - FrameworkServlet 'dispatcherServlet': initialization started
2018-07-10 20:45:37.897 [http-nio-127.0.0.1-8001-exec-1] INFO  servlet.DispatcherServlet(FrameworkServlet.java:508) - FrameworkServlet 'dispatcherServlet': initialization completed in 127 ms
2018-07-10 20:45:38.661 [http-nio-127.0.0.1-8001-exec-1] INFO  thymeleaf.TemplateEngine(TemplateEngine.java:825) - [THYMELEAF] INITIALIZING TEMPLATE ENGINE
2018-07-10 20:45:38.853 [http-nio-127.0.0.1-8001-exec-1] INFO  templateresolver.AbstractTemplateResolver(AbstractTemplateResolver.java:99) - [THYMELEAF] INITIALIZING TEMPLATE RESOLVER: org.thymeleaf.spring4.templateresolver.SpringResourceTemplateResolver
2018-07-10 20:45:38.853 [http-nio-127.0.0.1-8001-exec-1] INFO  templateresolver.AbstractTemplateResolver(AbstractTemplateResolver.java:110) - [THYMELEAF] TEMPLATE RESOLVER INITIALIZED OK
2018-07-10 20:45:38.854 [http-nio-127.0.0.1-8001-exec-1] INFO  messageresolver.AbstractMessageResolver(AbstractMessageResolver.java:72) - [THYMELEAF] INITIALIZING MESSAGE RESOLVER: org.thymeleaf.spring4.messageresolver.SpringMessageResolver
2018-07-10 20:45:38.855 [http-nio-127.0.0.1-8001-exec-1] INFO  messageresolver.AbstractMessageResolver(AbstractMessageResolver.java:78) - [THYMELEAF] MESSAGE RESOLVER INITIALIZED OK
2018-07-10 20:45:38.875 [http-nio-127.0.0.1-8001-exec-1] INFO  TemplateEngine.CONFIG(ConfigurationPrinterHelper.java:123) - [THYMELEAF] TEMPLATE ENGINE CONFIGURATION:
[THYMELEAF] * Cache Factory implementation: org.thymeleaf.cache.StandardCacheManager
[THYMELEAF] * Template modes:
[THYMELEAF]     * HTML5
[THYMELEAF]     * VALIDXHTML
[THYMELEAF]     * VALIDXML
[THYMELEAF]     * XML
[THYMELEAF]     * XHTML
[THYMELEAF]     * LEGACYHTML5
[THYMELEAF] * Template resolvers (in order):
[THYMELEAF]     * org.thymeleaf.spring4.templateresolver.SpringResourceTemplateResolver
[THYMELEAF] * Message resolvers (in order):
[THYMELEAF]     * org.thymeleaf.spring4.messageresolver.SpringMessageResolver
[THYMELEAF] * Dialect [1 of 2]: org.thymeleaf.spring4.dialect.SpringStandardDialect
[THYMELEAF]     * Prefix: "th"
[THYMELEAF] * Dialect [2 of 2]: nz.net.ultraq.thymeleaf.LayoutDialect
[THYMELEAF]     * Prefix: "layout"
[THYMELEAF] TEMPLATE ENGINE CONFIGURED OK
2018-07-10 20:45:38.876 [http-nio-127.0.0.1-8001-exec-1] INFO  thymeleaf.TemplateEngine(TemplateEngine.java:838) - [THYMELEAF] TEMPLATE ENGINE INITIALIZED
